2025-09-11 08:50:15,417 - INFO - Logging configurato. Livello: INFO, Percorso: log/backend.log
2025-09-11 08:50:15,422 - INFO - Avvio dell'applicazione Trade AI...
2025-09-11 08:50:25,123 - INFO - Modalità automatica attiva all'avvio. Avvio il bot AI...
2025-09-11 08:50:29,512 - INFO - AI: Analizzando BTC/USDC su binance...
2025-09-11 08:50:39,148 - ERROR - Errore nel ciclo di trading AI: Fondi insufficienti sulla piattaforma binance: binance Account has insufficient balance for requested action.
2025-09-11 08:51:46,408 - INFO - AI: Analizzando BTC/USDC su binance...
2025-09-11 08:52:02,418 - ERROR - Errore nel ciclo di trading AI: Fondi insufficienti sulla piattaforma binance: binance Account has insufficient balance for requested action.
2025-09-11 08:53:06,782 - INFO - AI: Analizzando BTC/USDC su binance...
2025-09-11 08:53:15,402 - ERROR - Errore nel ciclo di trading AI: Fondi insufficienti sulla piattaforma binance: binance Account has insufficient balance for requested action.
2025-09-11 08:54:19,896 - INFO - AI: Analizzando BTC/USDC su binance...
2025-09-11 08:54:28,469 - ERROR - Errore nel ciclo di trading AI: Fondi insufficienti sulla piattaforma binance: binance Account has insufficient balance for requested action.
2025-09-11 08:55:32,870 - INFO - AI: Analizzando BTC/USDC su binance...
2025-09-11 08:55:41,182 - ERROR - Errore nel ciclo di trading AI: Fondi insufficienti sulla piattaforma binance: binance Account has insufficient balance for requested action.
2025-09-11 08:56:45,948 - INFO - AI: Analizzando BTC/USDC su binance...
2025-09-11 08:56:54,758 - ERROR - Errore nel ciclo di trading AI: Fondi insufficienti sulla piattaforma binance: binance Account has insufficient balance for requested action.
2025-09-11 08:57:59,254 - INFO - AI: Analizzando BTC/USDC su binance...
2025-09-11 08:58:08,319 - ERROR - Errore nel ciclo di trading AI: Fondi insufficienti sulla piattaforma binance: binance Account has insufficient balance for requested action.
2025-09-11 08:59:00,431 - INFO - Logging configurato. Livello: INFO, Percorso: log/backend.log
2025-09-11 08:59:00,432 - INFO - Avvio dell'applicazione Trade AI...
2025-09-11 08:59:10,250 - INFO - Modalità automatica attiva all'avvio. Avvio il bot AI...
2025-09-11 08:59:15,254 - INFO - AI: Analizzando BTC/USDC su binance...
2025-09-11 08:59:20,075 - INFO - AI: Segnale MANTIENI per BTC/USDC. Nessuna operazione.
2025-09-11 08:59:20,076 - INFO - AI: Analizzando ETH/USDC su binance...
2025-09-11 08:59:30,751 - ERROR - Errore nel ciclo di trading AI: Fondi insufficienti sulla piattaforma binance: binance Account has insufficient balance for requested action.
2025-09-11 09:00:35,349 - INFO - AI: Analizzando BTC/USDC su binance...
2025-09-11 09:00:39,716 - INFO - AI: Segnale MANTIENI per BTC/USDC. Nessuna operazione.
2025-09-11 09:00:39,717 - INFO - AI: Analizzando ETH/USDC su binance...
2025-09-11 09:00:48,371 - ERROR - Errore nel ciclo di trading AI: Fondi insufficienti sulla piattaforma binance: binance Account has insufficient balance for requested action.
2025-09-11 09:01:52,812 - INFO - AI: Analizzando BTC/USDC su binance...
2025-09-11 09:01:57,409 - INFO - AI: Segnale MANTIENI per BTC/USDC. Nessuna operazione.
2025-09-11 09:01:57,410 - INFO - AI: Analizzando ETH/USDC su binance...
2025-09-11 09:02:05,913 - ERROR - Errore nel ciclo di trading AI: Fondi insufficienti sulla piattaforma binance: binance Account has insufficient balance for requested action.
2025-09-11 09:03:11,041 - INFO - AI: Analizzando BTC/USDC su binance...
2025-09-11 09:03:16,194 - INFO - AI: Segnale MANTIENI per BTC/USDC. Nessuna operazione.
2025-09-11 09:03:16,195 - INFO - AI: Analizzando ETH/USDC su binance...
2025-09-11 09:03:26,404 - ERROR - Errore nel ciclo di trading AI: Fondi insufficienti sulla piattaforma binance: binance Account has insufficient balance for requested action.
2025-09-11 09:04:32,183 - INFO - AI: Analizzando BTC/USDC su binance...
2025-09-11 09:04:38,041 - INFO - AI: Segnale MANTIENI per BTC/USDC. Nessuna operazione.
2025-09-11 09:04:38,042 - INFO - AI: Analizzando ETH/USDC su binance...
2025-09-11 09:04:50,220 - ERROR - Errore nel ciclo di trading AI: Fondi insufficienti sulla piattaforma binance: binance Account has insufficient balance for requested action.
2025-09-11 09:05:56,455 - INFO - AI: Analizzando BTC/USDC su binance...
2025-09-11 09:06:02,899 - INFO - AI: Segnale MANTIENI per BTC/USDC. Nessuna operazione.
2025-09-11 09:06:02,900 - INFO - AI: Analizzando ETH/USDC su binance...
2025-09-11 09:06:15,883 - ERROR - Errore nel ciclo di trading AI: Fondi insufficienti sulla piattaforma binance: binance Account has insufficient balance for requested action.
2025-09-11 09:07:22,553 - INFO - AI: Analizzando BTC/USDC su binance...
2025-09-11 09:07:28,856 - INFO - AI: Segnale MANTIENI per BTC/USDC. Nessuna operazione.
2025-09-11 09:07:28,857 - INFO - AI: Analizzando ETH/USDC su binance...
2025-09-11 09:07:41,006 - ERROR - Errore nel ciclo di trading AI: Fondi insufficienti sulla piattaforma binance: binance Account has insufficient balance for requested action.
2025-09-11 09:08:47,725 - INFO - AI: Analizzando BTC/USDC su binance...
2025-09-11 09:08:53,542 - INFO - AI: Segnale MANTIENI per BTC/USDC. Nessuna operazione.
2025-09-11 09:08:53,543 - INFO - AI: Analizzando ETH/USDC su binance...
2025-09-11 09:09:05,829 - ERROR - Errore nel ciclo di trading AI: Fondi insufficienti sulla piattaforma binance: binance Account has insufficient balance for requested action.
2025-09-11 09:10:11,930 - INFO - AI: Analizzando BTC/USDC su binance...
2025-09-11 09:10:17,518 - INFO - AI: Segnale MANTIENI per BTC/USDC. Nessuna operazione.
2025-09-11 09:10:17,524 - INFO - AI: Analizzando ETH/USDC su binance...
2025-09-11 09:10:27,912 - ERROR - Errore nel ciclo di trading AI: Fondi insufficienti sulla piattaforma binance: binance Account has insufficient balance for requested action.
2025-09-11 09:11:33,176 - INFO - AI: Analizzando BTC/USDC su binance...
2025-09-11 09:11:38,079 - INFO - AI: Segnale MANTIENI per BTC/USDC. Nessuna operazione.
2025-09-11 09:11:38,080 - INFO - AI: Analizzando ETH/USDC su binance...
2025-09-11 09:11:47,770 - ERROR - Errore nel ciclo di trading AI: Fondi insufficienti sulla piattaforma binance: binance Account has insufficient balance for requested action.
2025-09-11 09:12:53,325 - INFO - AI: Analizzando BTC/USDC su binance...
2025-09-11 09:12:58,479 - INFO - AI: Segnale MANTIENI per BTC/USDC. Nessuna operazione.
2025-09-11 09:12:58,481 - INFO - AI: Analizzando ETH/USDC su binance...
2025-09-11 09:13:08,924 - ERROR - Errore nel ciclo di trading AI: Fondi insufficienti sulla piattaforma binance: binance Account has insufficient balance for requested action.
2025-09-11 09:14:13,350 - INFO - AI: Analizzando BTC/USDC su binance...
2025-09-11 09:14:17,748 - INFO - AI: Segnale MANTIENI per BTC/USDC. Nessuna operazione.
2025-09-11 09:14:17,748 - INFO - AI: Analizzando ETH/USDC su binance...
2025-09-11 09:14:26,514 - ERROR - Errore nel ciclo di trading AI: Fondi insufficienti sulla piattaforma binance: binance Account has insufficient balance for requested action.
2025-09-11 09:15:32,080 - INFO - AI: Analizzando BTC/USDC su binance...
2025-09-11 09:15:37,268 - INFO - AI: Segnale MANTIENI per BTC/USDC. Nessuna operazione.
2025-09-11 09:15:37,268 - INFO - AI: Analizzando ETH/USDC su binance...
2025-09-11 09:15:50,247 - ERROR - Errore nel ciclo di trading AI: Fondi insufficienti sulla piattaforma binance: binance Account has insufficient balance for requested action.
2025-09-11 09:16:55,587 - INFO - AI: Analizzando BTC/USDC su binance...
2025-09-11 09:17:01,021 - INFO - AI: Segnale MANTIENI per BTC/USDC. Nessuna operazione.
2025-09-11 09:17:01,022 - INFO - AI: Analizzando ETH/USDC su binance...
2025-09-11 09:17:11,575 - ERROR - Errore nel ciclo di trading AI: Fondi insufficienti sulla piattaforma binance: binance Account has insufficient balance for requested action.
2025-09-11 09:18:16,700 - INFO - AI: Analizzando BTC/USDC su binance...
2025-09-11 09:18:21,433 - INFO - AI: Segnale MANTIENI per BTC/USDC. Nessuna operazione.
2025-09-11 09:18:21,434 - INFO - AI: Analizzando ETH/USDC su binance...
2025-09-11 09:18:31,258 - ERROR - Errore nel ciclo di trading AI: Fondi insufficienti sulla piattaforma binance: binance Account has insufficient balance for requested action.
2025-09-11 09:19:37,141 - INFO - AI: Analizzando BTC/USDC su binance...
2025-09-11 09:19:43,356 - INFO - AI: Segnale MANTIENI per BTC/USDC. Nessuna operazione.
2025-09-11 09:19:43,356 - INFO - AI: Analizzando ETH/USDC su binance...
2025-09-11 09:19:55,546 - ERROR - Errore nel ciclo di trading AI: Fondi insufficienti sulla piattaforma binance: binance Account has insufficient balance for requested action.
2025-09-11 09:21:02,110 - INFO - AI: Analizzando BTC/USDC su binance...
2025-09-11 09:21:08,176 - INFO - AI: Segnale MANTIENI per BTC/USDC. Nessuna operazione.
2025-09-11 09:21:08,177 - INFO - AI: Analizzando ETH/USDC su binance...
2025-09-11 09:21:20,136 - ERROR - Errore nel ciclo di trading AI: Fondi insufficienti sulla piattaforma binance: binance Account has insufficient balance for requested action.
2025-09-11 09:22:25,142 - INFO - AI: Analizzando BTC/USDC su binance...
2025-09-11 09:22:30,008 - INFO - AI: Segnale MANTIENI per BTC/USDC. Nessuna operazione.
2025-09-11 09:22:30,009 - INFO - AI: Analizzando ETH/USDC su binance...
2025-09-11 09:22:39,041 - ERROR - Errore nel ciclo di trading AI: Fondi insufficienti sulla piattaforma binance: binance Account has insufficient balance for requested action.
2025-09-11 09:23:47,651 - INFO - AI: Analizzando BTC/USDC su binance...
2025-09-11 09:24:00,206 - ERROR - Errore nel ciclo di trading AI: binance GET https://api.binance.com/sapi/v1/capital/config/getall?timestamp=1757575428215&recvWindow=60000&signature=e1b6028f6f9b4464d330ae5a7f28f43ed8b92eaa93a5dd665ad63f983910397e
2025-09-11 09:25:06,962 - INFO - AI: Analizzando BTC/USDC su binance...
2025-09-11 09:25:13,329 - INFO - AI: Segnale MANTIENI per BTC/USDC. Nessuna operazione.
2025-09-11 09:25:13,330 - INFO - AI: Analizzando ETH/USDC su binance...
2025-09-11 09:25:25,841 - ERROR - Errore nel ciclo di trading AI: Fondi insufficienti sulla piattaforma binance: binance Account has insufficient balance for requested action.
2025-09-11 09:26:31,831 - INFO - AI: Analizzando BTC/USDC su binance...
2025-09-11 09:26:37,979 - INFO - AI: Segnale MANTIENI per BTC/USDC. Nessuna operazione.
2025-09-11 09:26:37,980 - INFO - AI: Analizzando ETH/USDC su binance...
2025-09-11 09:26:50,198 - ERROR - Errore nel ciclo di trading AI: Fondi insufficienti sulla piattaforma binance: binance Account has insufficient balance for requested action.
2025-09-11 09:27:54,952 - INFO - AI: Analizzando BTC/USDC su binance...
2025-09-11 09:27:59,344 - INFO - AI: Segnale MANTIENI per BTC/USDC. Nessuna operazione.
2025-09-11 09:27:59,345 - INFO - AI: Analizzando ETH/USDC su binance...
2025-09-11 09:28:08,567 - ERROR - Errore nel ciclo di trading AI: Fondi insufficienti sulla piattaforma binance: binance Account has insufficient balance for requested action.
2025-09-11 09:29:12,993 - INFO - AI: Analizzando BTC/USDC su binance...
2025-09-11 09:29:17,595 - INFO - AI: Segnale MANTIENI per BTC/USDC. Nessuna operazione.
2025-09-11 09:29:17,596 - INFO - AI: Analizzando ETH/USDC su binance...
2025-09-11 09:29:26,805 - ERROR - Errore nel ciclo di trading AI: Fondi insufficienti sulla piattaforma binance: binance Account has insufficient balance for requested action.
2025-09-11 09:50:58,974 - INFO - Logging configurato. Livello: INFO, Percorso: log/backend.log
2025-09-11 09:50:58,978 - INFO - Avvio dell'applicazione Trade AI...
2025-09-11 09:51:09,037 - INFO - Modalità automatica attiva all'avvio. Avvio il bot AI...
2025-09-11 09:51:13,831 - INFO - AI: Analizzando BTC/USDC su binance...
2025-09-11 09:51:18,252 - INFO - AI: Segnale MANTIENI per BTC/USDC. Nessuna operazione.
2025-09-11 09:51:18,253 - INFO - AI: Analizzando ETH/USDC su binance...
2025-09-11 09:51:28,593 - ERROR - Errore nel ciclo di trading AI: Fondi insufficienti sulla piattaforma binance: binance Account has insufficient balance for requested action.
2025-09-11 09:52:33,847 - INFO - AI: Analizzando BTC/USDC su binance...
2025-09-11 09:52:38,822 - INFO - AI: Segnale MANTIENI per BTC/USDC. Nessuna operazione.
2025-09-11 09:52:38,824 - INFO - AI: Analizzando ETH/USDC su binance...
2025-09-11 09:52:49,035 - ERROR - Errore nel ciclo di trading AI: Fondi insufficienti sulla piattaforma binance: binance Account has insufficient balance for requested action.
2025-09-11 09:53:53,916 - INFO - AI: Analizzando BTC/USDC su binance...
2025-09-11 09:53:58,260 - INFO - AI: Segnale MANTIENI per BTC/USDC. Nessuna operazione.
2025-09-11 09:53:58,262 - INFO - AI: Analizzando ETH/USDC su binance...
2025-09-11 09:54:06,861 - ERROR - Errore nel ciclo di trading AI: Fondi insufficienti sulla piattaforma binance: binance Account has insufficient balance for requested action.
2025-09-11 09:55:12,182 - INFO - AI: Analizzando BTC/USDC su binance...
2025-09-11 09:55:17,117 - INFO - AI: Segnale MANTIENI per BTC/USDC. Nessuna operazione.
2025-09-11 09:55:17,118 - INFO - AI: Analizzando ETH/USDC su binance...
2025-09-11 09:55:26,832 - ERROR - Errore nel ciclo di trading AI: Fondi insufficienti sulla piattaforma binance: binance Account has insufficient balance for requested action.
2025-09-11 09:56:31,910 - INFO - AI: Analizzando BTC/USDC su binance...
2025-09-11 09:56:36,332 - INFO - AI: Segnale MANTIENI per BTC/USDC. Nessuna operazione.
2025-09-11 09:56:36,333 - INFO - AI: Analizzando ETH/USDC su binance...
2025-09-11 09:56:44,948 - ERROR - Errore nel ciclo di trading AI: Fondi insufficienti sulla piattaforma binance: binance Account has insufficient balance for requested action.
2025-09-11 09:57:49,822 - INFO - AI: Analizzando BTC/USDC su binance...
2025-09-11 09:57:54,345 - INFO - AI: Segnale MANTIENI per BTC/USDC. Nessuna operazione.
2025-09-11 09:57:54,347 - INFO - AI: Analizzando ETH/USDC su binance...
2025-09-11 09:58:03,534 - ERROR - Errore nel ciclo di trading AI: Fondi insufficienti sulla piattaforma binance: binance Account has insufficient balance for requested action.
2025-09-11 09:59:07,867 - INFO - AI: Analizzando BTC/USDC su binance...
2025-09-11 09:59:12,004 - INFO - AI: Segnale MANTIENI per BTC/USDC. Nessuna operazione.
2025-09-11 09:59:12,006 - INFO - AI: Analizzando ETH/USDC su binance...
2025-09-11 09:59:20,108 - ERROR - Errore nel ciclo di trading AI: Fondi insufficienti sulla piattaforma binance: binance Account has insufficient balance for requested action.
2025-09-11 10:10:10,289 - INFO - Logging configurato. Livello: INFO, Percorso: log/backend.log
2025-09-11 10:10:10,289 - INFO - Avvio dell'applicazione Trade AI...
2025-09-11 10:10:21,308 - INFO - Modalità automatica attiva all'avvio. Avvio il bot AI...
2025-09-11 10:10:26,205 - INFO - AI: Analizzando BTC/USDC su binance...
2025-09-11 10:10:31,095 - INFO - AI: Segnale MANTIENI per BTC/USDC. Nessuna operazione.
2025-09-11 10:10:31,096 - INFO - AI: Analizzando ETH/USDC su binance...
2025-09-11 10:10:41,628 - ERROR - Errore nel ciclo di trading AI: Fondi insufficienti sulla piattaforma binance: binance Account has insufficient balance for requested action.
2025-09-11 10:11:46,679 - INFO - AI: Analizzando BTC/USDC su binance...
2025-09-11 10:11:51,635 - INFO - AI: Segnale MANTIENI per BTC/USDC. Nessuna operazione.
2025-09-11 10:11:51,636 - INFO - AI: Analizzando ETH/USDC su binance...
2025-09-11 10:12:01,612 - ERROR - Errore nel ciclo di trading AI: Fondi insufficienti sulla piattaforma binance: binance Account has insufficient balance for requested action.
2025-09-11 10:31:39,997 - INFO - Logging configurato. Livello: INFO, Percorso: log/backend.log
2025-09-11 10:31:39,997 - INFO - Avvio dell'applicazione Trade AI...
2025-09-11 10:31:50,549 - INFO - Modalità automatica attiva all'avvio. Avvio il bot AI...
2025-09-11 10:31:55,098 - INFO - AI: Analizzando BTC/USDC su binance...
2025-09-11 10:32:00,018 - INFO - AI: Segnale MANTIENI per BTC/USDC. Nessuna operazione.
2025-09-11 10:32:00,021 - INFO - AI: Analizzando ETH/USDC su binance...
2025-09-11 10:32:19,677 - ERROR - Errore nel ciclo di trading AI: Fondi insufficienti sulla piattaforma binance: binance Account has insufficient balance for requested action.
2025-09-11 10:32:45,868 - WARNING - Prezzo USDT per TON non disponibile per calcolo controvalore.
2025-09-11 10:32:46,560 - WARNING - Prezzo USDT per TON non disponibile per calcolo controvalore.
2025-09-11 10:32:47,558 - WARNING - Prezzo USDT per ETH non disponibile per calcolo controvalore.
2025-09-11 10:32:47,559 - WARNING - Prezzo USDT per BNB non disponibile per calcolo controvalore.
2025-09-11 10:32:47,559 - WARNING - Prezzo USDT per DOGE non disponibile per calcolo controvalore.
2025-09-11 10:32:47,559 - WARNING - Prezzo USDT per TON non disponibile per calcolo controvalore.
2025-09-11 10:33:20,907 - INFO - AI: Analizzando BTC/USDC su binance...
2025-09-11 10:33:29,258 - INFO - AI: Segnale MANTIENI per BTC/USDC. Nessuna operazione.
2025-09-11 10:33:29,259 - INFO - AI: Analizzando ETH/USDC su binance...
2025-09-11 10:33:46,907 - ERROR - Errore nel ciclo di trading AI: Fondi insufficienti sulla piattaforma binance: binance Account has insufficient balance for requested action.
